<?xml version="1.0" encoding="UTF-8"?>
<testng-results ignored="0" total="2" passed="2" failed="0" skipped="0">
  <reporter-output>
  </reporter-output>
  <suite started-at="2024-03-03T22:31:35 PST" name="Suite" finished-at="2024-03-03T22:32:00 PST" duration-ms="25672">
    <groups>
    </groups>
    <test started-at="2024-03-03T22:31:35 PST" name="Test" finished-at="2024-03-03T22:32:00 PST" duration-ms="25672">
      <class name="manipal2.DataDrivenTesting.ReadExcel">
        <test-method signature="fblogin()[pri:0, instance:manipal2.DataDrivenTesting.ReadExcel@7e07db1f]" started-at="2024-03-03T22:31:35 PST" name="fblogin" finished-at="2024-03-03T22:31:51 PST" duration-ms="15851" status="PASS">
          <reporter-output>
          </reporter-output>
        </test-method> <!-- fblogin -->
      </class> <!-- manipal2.DataDrivenTesting.ReadExcel -->
      <class name="manipal2.DataDrivenTesting.WriteToExcel">
        <test-method signature="fblogin()[pri:0, instance:manipal2.DataDrivenTesting.WriteToExcel@74fe5c40]" started-at="2024-03-03T22:31:51 PST" name="fblogin" finished-at="2024-03-03T22:32:00 PST" duration-ms="9651" status="PASS">
          <reporter-output>
          </reporter-output>
        </test-method> <!-- fblogin -->
      </class> <!-- manipal2.DataDrivenTesting.WriteToExcel -->
    </test> <!-- Test -->
  </suite> <!-- Suite -->
</testng-results>
